<?xml version="1.0" encoding="UTF-8"?>
<testsuite xmlns:xsi="http://www.w3.org/2001/XMLSchema-instance" xsi:noNamespaceSchemaLocation="https://maven.apache.org/surefire/maven-surefire-plugin/xsd/surefire-test-report-3.0.xsd" version="3.0" name="com.example.UserControllerTest" time="3.076" tests="4" errors="0" skipped="0" failures="0">
  <properties>
[...]
</properties>
  <testcase name="testGetAllUsers" classname="com.example.UserControllerTest" time="1.487">
    <system-out><![CDATA[15:02:42.171 [main] INFO org.springframework.test.context.support.AnnotationConfigContextLoaderUtils -- Could not detect default configuration classes for test class [com.example.UserControllerTest]: UserControllerTest does not declare any static, non-private, non-final, nested classes annotated with @Configuration.
15:02:42.243 [main] INFO org.springframework.boot.test.context.SpringBootTestContextBootstrapper -- Found @SpringBootConfiguration com.example.App for test class com.example.UserControllerTest

  .   ____          _            __ _ _
 /\\ / ___'_ __ _ _(_)_ __  __ _ \ \ \ \
( ( )\___ | '_ | '_| | '_ \/ _` | \ \ \ \
 \\/  ___)| |_)| | | | | || (_| |  ) ) ) )
  '  |____| .__|_| |_|_| |_\__, | / / / /
 =========|_|==============|___/=/_/_/_/

 :: Spring Boot ::                (v3.4.5)

2025-05-16T15:02:42.514+03:00  INFO 23432 --- [           main] com.example.UserControllerTest           : Starting UserControllerTest using Java 21.0.7 with PID 23432 (started by Tolga in C:\Users\Tolga\Desktop\Projeler\VS Code Projeleri\Java_Test_Project_Final)
2025-05-16T15:02:42.515+03:00  INFO 23432 --- [           main] com.example.UserControllerTest           : No active profile set, falling back to 1 default profile: "default"
2025-05-16T15:02:43.169+03:00  INFO 23432 --- [           main] o.s.b.w.embedded.tomcat.TomcatWebServer  : Tomcat initialized with port 0 (http)
2025-05-16T15:02:43.180+03:00  INFO 23432 --- [           main] o.apache.catalina.core.StandardService   : Starting service [Tomcat]
2025-05-16T15:02:43.180+03:00  INFO 23432 --- [           main] o.apache.catalina.core.StandardEngine    : Starting Servlet engine: [Apache Tomcat/10.1.40]
2025-05-16T15:02:43.212+03:00  INFO 23432 --- [           main] o.a.c.c.C.[Tomcat].[localhost].[/]       : Initializing Spring embedded WebApplicationContext
2025-05-16T15:02:43.213+03:00  INFO 23432 --- [           main] w.s.c.ServletWebServerApplicationContext : Root WebApplicationContext: initialization completed in 541 ms
2025-05-16T15:02:43.546+03:00  INFO 23432 --- [           main] o.s.b.w.embedded.tomcat.TomcatWebServer  : Tomcat started on port 58915 (http) with context path '/'
2025-05-16T15:02:43.552+03:00  INFO 23432 --- [           main] com.example.UserControllerTest           : Started UserControllerTest in 1.211 seconds (process running for 1.789)
2025-05-16T15:02:44.552+03:00  INFO 23432 --- [o-auto-1-exec-1] o.a.c.c.C.[Tomcat].[localhost].[/]       : Initializing Spring DispatcherServlet 'dispatcherServlet'
2025-05-16T15:02:44.552+03:00  INFO 23432 --- [o-auto-1-exec-1] o.s.web.servlet.DispatcherServlet        : Initializing Servlet 'dispatcherServlet'
2025-05-16T15:02:44.553+03:00  INFO 23432 --- [o-auto-1-exec-1] o.s.web.servlet.DispatcherServlet        : Completed initialization in 1 ms

============================================================
TEST TARİHİ: 16.05.2025 15:02
TEST: TEST 1: Tüm Kullanıcıları Getirme (GET /api/users)
============================================================
TEST SONUÇLARI:
------------------------------------------------------------
STATUS: Status Code: 200 (OK)
VALIDATION: Response Body: 20 kullanıcı doğrulandı
TIME: 
  - Manuel Ölçüm: 423ms
  - RestAssured Ölçümü: 33ms
  - Beklenen: <1000ms
  - Sonuç: (Başarılı)

RESPONSE BODY:
[
    {
        "id": 1,
        "name": "Ahmet Yılmaz",
        "email": "ahmet@example.com"
    },
    {
        "id": 2,
        "name": "Mehmet Demir",
        "email": "mehmet@example.com"
    },
    {
        "id": 3,
        "name": "Ayşe Kaya",
        "email": "ayse@example.com"
    },
    {
        "id": 4,
        "name": "Fatma Şahin",
        "email": "fatma@example.com"
    },
    {
        "id": 5,
        "name": "Mustafa Öztürk",
        "email": "mustafa@example.com"
    },
    {
        "id": 6,
        "name": "Emine Çelik",
        "email": "emine@example.com"
    },
    {
        "id": 7,
        "name": "Hüseyin Arslan",
        "email": "huseyin@example.com"
    },
    {
        "id": 8,
        "name": "Zeynep Koç",
        "email": "zeynep@example.com"
    },
    {
        "id": 9,
        "name": "İbrahim Yıldız",
        "email": "ibrahim@example.com"
    },
    {
        "id": 10,
        "name": "Hatice Kaplan",
        "email": "hatice@example.com"
    },
    {
        "id": 11,
        "name": "Osman Tekin",
        "email": "osman@example.com"
    },
    {
        "id": 12,
        "name": "Seda Erdem",
        "email": "seda@example.com"
    },
    {
        "id": 13,
        "name": "Kemal Aydın",
        "email": "kemal@example.com"
    },
    {
        "id": 14,
        "name": "Elif Güler",
        "email": "elif@example.com"
    },
    {
        "id": 15,
        "name": "Cemal Bulut",
        "email": "cemal@example.com"
    },
    {
        "id": 16,
        "name": "Sevim Özdemir",
        "email": "sevim@example.com"
    },
    {
        "id": 17,
        "name": "Murat Karaca",
        "email": "murat@example.com"
    },
    {
        "id": 18,
        "name": "Gülşah Yılmaz",
        "email": "gulsah@example.com"
    },
    {
        "id": 19,
        "name": "Volkan Doğan",
        "email": "volkan@example.com"
    },
    {
        "id": 20,
        "name": "Leyla Aktaş",
        "email": "leyla@example.com"
    }
]
============================================================

Test sonucu 'test_results_log.txt' dosyasına kaydedildi.
]]></system-out>
    <system-err><![CDATA[Mockito is currently self-attaching to enable the inline-mock-maker. This will no longer work in future releases of the JDK. Please add Mockito as an agent to your build what is described in Mockito's documentation: https://javadoc.io/doc/org.mockito/mockito-core/latest/org/mockito/Mockito.html#0.3
WARNING: A Java agent has been loaded dynamically (C:\Users\Tolga\.m2\repository\net\bytebuddy\byte-buddy-agent\1.15.4\byte-buddy-agent-1.15.4.jar)
WARNING: If a serviceability tool is in use, please run with -XX:+EnableDynamicAgentLoading to hide this warning
WARNING: If a serviceability tool is not in use, please run with -Djdk.instrument.traceUsage for more information
WARNING: Dynamic loading of agents will be disallowed by default in a future release
]]></system-err>
  </testcase>
  <testcase name="testAddUser" classname="com.example.UserControllerTest" time="0.057">
    <system-out><![CDATA[
============================================================
TEST TARİHİ: 16.05.2025 15:02
TEST: TEST 2: Yeni Kullanıcı Ekleme (POST /api/users)
============================================================
REQUEST BODY:
{
    "name": "Yeni Kullanıcı",
    "email": "yeni@example.com"
}

------------------------------------------------------------
TEST SONUÇLARI:
------------------------------------------------------------
STATUS: Status Code: 200 (OK)
VALIDATION: Response Body: 'name' = Yeni Kullanıcı doğrulandı
TIME: 
  - Manuel Ölçüm: 47ms
  - RestAssured Ölçümü: 33ms
  - Beklenen: <1000ms
  - Sonuç: (Başarılı)

RESPONSE BODY:
{
    "id": 0,
    "name": "Yeni Kullanıcı",
    "email": "yeni@example.com"
}
============================================================

Test sonucu 'test_results_log.txt' dosyasına kaydedildi.
]]></system-out>
  </testcase>
  <testcase name="testUpdateUser" classname="com.example.UserControllerTest" time="0.028">
    <system-out><![CDATA[
============================================================
TEST TARİHİ: 16.05.2025 15:02
TEST: TEST 3: Kullanıcı Güncelleme (PUT /api/users/1)
============================================================
REQUEST BODY:
{
    "name": "Güncel Ad",
    "email": "guncel@example.com"
}

------------------------------------------------------------
TEST SONUÇLARI:
------------------------------------------------------------
STATUS: Status Code: 200 (OK)
VALIDATION: Response Body: 'name' = Güncel Ad doğrulandı
TIME: 
  - Manuel Ölçüm: 20ms
  - RestAssured Ölçümü: 8ms
  - Beklenen: <1000ms
  - Sonuç: (Başarılı)

RESPONSE BODY:
{
    "id": 1,
    "name": "Güncel Ad",
    "email": "guncel@example.com"
}
============================================================

Test sonucu 'test_results_log.txt' dosyasına kaydedildi.
]]></system-out>
  </testcase>
  <testcase name="testDeleteUser" classname="com.example.UserControllerTest" time="0.022">
    <system-out><![CDATA[
============================================================
TEST TARİHİ: 16.05.2025 15:02
TEST: TEST 4: Kullanıcı Silme (DELETE /api/users/1)
============================================================
TEST SONUÇLARI:
------------------------------------------------------------
STATUS: Status Code: 200 (OK)
VALIDATION: Response Body: Silme mesajı doğrulandı
TIME: 
  - Manuel Ölçüm: 13ms
  - RestAssured Ölçümü: 5ms
  - Beklenen: <1000ms
  - Sonuç: (Başarılı)

RESPONSE BODY:
Kullanıcı silindi: 1
============================================================

Test sonucu 'test_results_log.txt' dosyasına kaydedildi.
]]></system-out>
  </testcase>
</testsuite>